<?xml version="1.0" encoding="UTF-8"?>
<!-- Generated by org.testng.reporters.JUnitXMLReporter -->
<testsuite hostname="LAPTOP-MI1ED7JS" ignored="9" name="regression" tests="5" failures="0" timestamp="26 Jun 2021 05:30:28 GMT" time="47.041" errors="0">
  <testcase name="verifySearch" time="3.337" classname="test.TC002Search"/>
  <testcase name="verifyGCFilter" time="5.35" classname="test.TC003FilterGiftCards"/>
  <testcase name="verifyAddToCart" time="11.759" classname="test.TC004AddToCart"/>
  <testcase name="verifyDeliverToCountry" time="16.99" classname="test.TC005DeliverTo"/>
  <testcase name="verifyLogin" time="7.281" classname="test.TC001SignIn"/>
  <testcase name="@AfterSuite teardown" time="0.0" classname="base.BaseClass">
    <ignored/>
  </testcase> <!-- @AfterSuite teardown -->
  <testcase name="@AfterSuite teardown" time="0.0" classname="base.BaseClass">
    <ignored/>
  </testcase> <!-- @AfterSuite teardown -->
  <testcase name="@AfterSuite teardown" time="0.0" classname="base.BaseClass">
    <ignored/>
  </testcase> <!-- @AfterSuite teardown -->
  <testcase name="@AfterSuite teardown" time="0.0" classname="base.BaseClass">
    <ignored/>
  </testcase> <!-- @AfterSuite teardown -->
  <testcase name="verifyDeliverToPostalCode" time="0.0" classname="test.TC005DeliverTo">
    <ignored/>
  </testcase> <!-- verifyDeliverToPostalCode -->
  <testcase name="@BeforeSuite init" time="0.0" classname="base.BaseClass">
    <ignored/>
  </testcase> <!-- @BeforeSuite init -->
  <testcase name="@BeforeSuite init" time="0.0" classname="base.BaseClass">
    <ignored/>
  </testcase> <!-- @BeforeSuite init -->
  <testcase name="@BeforeSuite init" time="0.0" classname="base.BaseClass">
    <ignored/>
  </testcase> <!-- @BeforeSuite init -->
  <testcase name="@BeforeSuite init" time="0.0" classname="base.BaseClass">
    <ignored/>
  </testcase> <!-- @BeforeSuite init -->
</testsuite> <!-- regression -->
