<?xml version="1.0" encoding="UTF-8"?>
<!-- Generated by org.testng.reporters.JUnitXMLReporter -->
<testsuite hostname="LAPTOP-MI1ED7JS" ignored="9" name="regression" tests="5" failures="0" timestamp="28 Jun 2021 04:53:23 GMT" time="130.472" errors="0">
  <testcase name="verifySearch" time="24.474" classname="test.TC002Search"/>
  <testcase name="verifyGCFilter" time="7.936" classname="test.TC003FilterGiftCards"/>
  <testcase name="verifyAddToCart" time="33.422" classname="test.TC004AddToCart"/>
  <testcase name="verifyDeliverToCountry" time="16.762" classname="test.TC005DeliverTo"/>
  <testcase name="verifyLogin" time="24.524" classname="test.TC001SignIn"/>
  <testcase name="@AfterSuite teardown" time="0.0" classname="base.BaseClass">
    <ignored/>
  </testcase> <!-- @AfterSuite teardown -->
  <testcase name="@AfterSuite teardown" time="0.0" classname="base.BaseClass">
    <ignored/>
  </testcase> <!-- @AfterSuite teardown -->
  <testcase name="@AfterSuite teardown" time="0.0" classname="base.BaseClass">
    <ignored/>
  </testcase> <!-- @AfterSuite teardown -->
  <testcase name="@AfterSuite teardown" time="0.0" classname="base.BaseClass">
    <ignored/>
  </testcase> <!-- @AfterSuite teardown -->
  <testcase name="verifyDeliverToPostalCode" time="0.0" classname="test.TC005DeliverTo">
    <ignored/>
  </testcase> <!-- verifyDeliverToPostalCode -->
  <testcase name="@BeforeSuite init" time="0.0" classname="base.BaseClass">
    <ignored/>
  </testcase> <!-- @BeforeSuite init -->
  <testcase name="@BeforeSuite init" time="0.0" classname="base.BaseClass">
    <ignored/>
  </testcase> <!-- @BeforeSuite init -->
  <testcase name="@BeforeSuite init" time="0.0" classname="base.BaseClass">
    <ignored/>
  </testcase> <!-- @BeforeSuite init -->
  <testcase name="@BeforeSuite init" time="0.0" classname="base.BaseClass">
    <ignored/>
  </testcase> <!-- @BeforeSuite init -->
</testsuite> <!-- regression -->
