<?xml version="1.0" encoding="UTF-8"?>
<testsuite xmlns:xsi="http://www.w3.org/2001/XMLSchema-instance" xsi:noNamespaceSchemaLocation="https://maven.apache.org/surefire/maven-surefire-plugin/xsd/surefire-test-report-3.0.xsd" version="3.0" name="TestSuite" time="69.145" tests="5" errors="0" skipped="0" failures="2">
  <properties>
[...]
</properties>
  <testcase name="verifySearch" classname="test.TC002Search" time="5.13"/>
  <testcase name="verifyGCFilter" classname="test.TC003FilterGiftCards" time="6.789"/>
  <testcase name="verifyAddToCart" classname="test.TC004AddToCart" time="27.777"/>
  <testcase name="verifyDeliverToCountry" classname="test.TC005DeliverTo" time="1.353">
    <failure message="Element &lt;span id=&quot;glow-ingress-line1&quot; class=&quot;nav-line-1 nav-progressive-content&quot;&gt; is not clickable at point (234,22) because another element &lt;div class=&quot;a-modal-scroller a-declarative&quot;&gt; obscures it&#10;Build info: version: &apos;3.141.59&apos;, revision: &apos;e82be7d358&apos;, time: &apos;2018-11-14T08:17:03&apos;&#10;System info: host: &apos;LAPTOP-MI1ED7JS&apos;, ip: &apos;192.168.2.122&apos;, os.name: &apos;Windows 10&apos;, os.arch: &apos;amd64&apos;, os.version: &apos;10.0&apos;, java.version: &apos;1.8.0_291&apos;&#10;Driver info: org.openqa.selenium.firefox.FirefoxDriver&#10;Capabilities {acceptInsecureCerts: true, browserName: firefox, browserVersion: 87.0, javascriptEnabled: true, moz:accessibilityChecks: false, moz:buildID: 20210318103112, moz:geckodriverVersion: 0.29.1, moz:headless: false, moz:processID: 16904, moz:profile: C:\Users\monis\AppData\Loca..., moz:shutdownTimeout: 60000, moz:useNonSpecCompliantPointerOrigin: false, moz:webdriverClick: true, pageLoadStrategy: normal, platform: WINDOWS, platformName: WINDOWS, platformVersion: 10.0, rotatable: false, setWindowRect: true, strictFileInteractability: false, timeouts: {implicit: 0, pageLoad: 300000, script: 30000}, unhandledPromptBehavior: dismiss and notify}&#10;Session ID: f2ae69fd-75e2-4ce1-bfe6-9324a213b2b8" type="org.openqa.selenium.ElementClickInterceptedException"><![CDATA[org.openqa.selenium.ElementClickInterceptedException: 
Element <span id="glow-ingress-line1" class="nav-line-1 nav-progressive-content"> is not clickable at point (234,22) because another element <div class="a-modal-scroller a-declarative"> obscures it
Build info: version: '3.141.59', revision: 'e82be7d358', time: '2018-11-14T08:17:03'
System info: host: 'LAPTOP-MI1ED7JS', ip: '192.168.2.122', os.name: 'Windows 10', os.arch: 'amd64', os.version: '10.0', java.version: '1.8.0_291'
Driver info: org.openqa.selenium.firefox.FirefoxDriver
Capabilities {acceptInsecureCerts: true, browserName: firefox, browserVersion: 87.0, javascriptEnabled: true, moz:accessibilityChecks: false, moz:buildID: 20210318103112, moz:geckodriverVersion: 0.29.1, moz:headless: false, moz:processID: 16904, moz:profile: C:\Users\monis\AppData\Loca..., moz:shutdownTimeout: 60000, moz:useNonSpecCompliantPointerOrigin: false, moz:webdriverClick: true, pageLoadStrategy: normal, platform: WINDOWS, platformName: WINDOWS, platformVersion: 10.0, rotatable: false, setWindowRect: true, strictFileInteractability: false, timeouts: {implicit: 0, pageLoad: 300000, script: 30000}, unhandledPromptBehavior: dismiss and notify}
Session ID: f2ae69fd-75e2-4ce1-bfe6-9324a213b2b8
	at test.TC005DeliverTo.verifyDeliverToCountry(TC005DeliverTo.java:43)
]]></failure>
    <system-out><![CDATA[DEBUG   16247   [freemark] (): Couldn't find template in cache for "Extent.ftl"("en_CA", UTF-8, parsed); will try to load it.
DEBUG   16247   [freemark] (): TemplateLoader.findTemplateSource("Extent_en_CA.ftl"): Not found
DEBUG   16247   [freemark] (): TemplateLoader.findTemplateSource("Extent_en.ftl"): Not found
DEBUG   16247   [freemark] (): TemplateLoader.findTemplateSource("Extent.ftl"): Found
DEBUG   16247   [freemark] (): Loading template for "Extent.ftl"("en_CA", UTF-8, parsed) from "jar:file:/C:/Users/monis/.m2/repository/com/relevantcodes/extentreports/2.41.2/extentreports-2.41.2.jar!/com/relevantcodes/extentreports/view/Extent.ftl"
]]></system-out>
  </testcase>
  <testcase name="verifyLogin" classname="test.TC001SignIn" time="0.525">
    <failure message="Element &lt;span id=&quot;nav-link-accountList-nav-line-1&quot; class=&quot;nav-line-1 nav-progressive-content&quot;&gt; is not clickable at point (1256,22) because another element &lt;div class=&quot;a-modal-scroller a-declarative&quot;&gt; obscures it&#10;Build info: version: &apos;3.141.59&apos;, revision: &apos;e82be7d358&apos;, time: &apos;2018-11-14T08:17:03&apos;&#10;System info: host: &apos;LAPTOP-MI1ED7JS&apos;, ip: &apos;192.168.2.122&apos;, os.name: &apos;Windows 10&apos;, os.arch: &apos;amd64&apos;, os.version: &apos;10.0&apos;, java.version: &apos;1.8.0_291&apos;&#10;Driver info: org.openqa.selenium.firefox.FirefoxDriver&#10;Capabilities {acceptInsecureCerts: true, browserName: firefox, browserVersion: 87.0, javascriptEnabled: true, moz:accessibilityChecks: false, moz:buildID: 20210318103112, moz:geckodriverVersion: 0.29.1, moz:headless: false, moz:processID: 16904, moz:profile: C:\Users\monis\AppData\Loca..., moz:shutdownTimeout: 60000, moz:useNonSpecCompliantPointerOrigin: false, moz:webdriverClick: true, pageLoadStrategy: normal, platform: WINDOWS, platformName: WINDOWS, platformVersion: 10.0, rotatable: false, setWindowRect: true, strictFileInteractability: false, timeouts: {implicit: 0, pageLoad: 300000, script: 30000}, unhandledPromptBehavior: dismiss and notify}&#10;Session ID: f2ae69fd-75e2-4ce1-bfe6-9324a213b2b8" type="org.openqa.selenium.ElementClickInterceptedException"><![CDATA[org.openqa.selenium.ElementClickInterceptedException: 
Element <span id="nav-link-accountList-nav-line-1" class="nav-line-1 nav-progressive-content"> is not clickable at point (1256,22) because another element <div class="a-modal-scroller a-declarative"> obscures it
Build info: version: '3.141.59', revision: 'e82be7d358', time: '2018-11-14T08:17:03'
System info: host: 'LAPTOP-MI1ED7JS', ip: '192.168.2.122', os.name: 'Windows 10', os.arch: 'amd64', os.version: '10.0', java.version: '1.8.0_291'
Driver info: org.openqa.selenium.firefox.FirefoxDriver
Capabilities {acceptInsecureCerts: true, browserName: firefox, browserVersion: 87.0, javascriptEnabled: true, moz:accessibilityChecks: false, moz:buildID: 20210318103112, moz:geckodriverVersion: 0.29.1, moz:headless: false, moz:processID: 16904, moz:profile: C:\Users\monis\AppData\Loca..., moz:shutdownTimeout: 60000, moz:useNonSpecCompliantPointerOrigin: false, moz:webdriverClick: true, pageLoadStrategy: normal, platform: WINDOWS, platformName: WINDOWS, platformVersion: 10.0, rotatable: false, setWindowRect: true, strictFileInteractability: false, timeouts: {implicit: 0, pageLoad: 300000, script: 30000}, unhandledPromptBehavior: dismiss and notify}
Session ID: f2ae69fd-75e2-4ce1-bfe6-9324a213b2b8
	at test.TC001SignIn.verifyLogin(TC001SignIn.java:100)
]]></failure>
    <system-out><![CDATA[1
2
2
monish30591@gmail.com
Mon@amz123
Test has started
DEBUG   16247   [freemark] (): Couldn't find template in cache for "Extent.ftl"("en_CA", UTF-8, parsed); will try to load it.
DEBUG   16247   [freemark] (): TemplateLoader.findTemplateSource("Extent_en_CA.ftl"): Not found
DEBUG   16247   [freemark] (): TemplateLoader.findTemplateSource("Extent_en.ftl"): Not found
DEBUG   16247   [freemark] (): TemplateLoader.findTemplateSource("Extent.ftl"): Found
DEBUG   16247   [freemark] (): Loading template for "Extent.ftl"("en_CA", UTF-8, parsed) from "jar:file:/C:/Users/monis/.m2/repository/com/relevantcodes/extentreports/2.41.2/extentreports-2.41.2.jar!/com/relevantcodes/extentreports/view/Extent.ftl"
]]></system-out>
  </testcase>
</testsuite>