<?xml version="1.0" encoding="UTF-8"?>
<testng-results skipped="0" failed="0" ignored="9" total="14" passed="5">
  <reporter-output>
  </reporter-output>
  <suite name="Suite" duration-ms="174414" started-at="2021-06-26T20:21:32Z" finished-at="2021-06-26T20:24:26Z">
    <groups>
    </groups>
    <test name="regression" duration-ms="174414" started-at="2021-06-26T20:21:32Z" finished-at="2021-06-26T20:24:26Z">
      <class name="test.TC002Search">
        <test-method status="PASS" signature="init()[pri:0, instance:test.TC002Search@1f59a598]" name="init" is-config="true" duration-ms="21923" started-at="2021-06-26T20:21:10Z" finished-at="2021-06-26T20:21:32Z">
          <reporter-output>
          </reporter-output>
        </test-method> <!-- init -->
        <test-method status="PASS" signature="verifySearch()[pri:1, instance:test.TC002Search@1f59a598]" name="verifySearch" duration-ms="7728" started-at="2021-06-26T20:21:32Z" finished-at="2021-06-26T20:21:40Z">
          <reporter-output>
          </reporter-output>
        </test-method> <!-- verifySearch -->
        <test-method status="PASS" signature="teardown()[pri:0, instance:test.TC002Search@1f59a598]" name="teardown" is-config="true" duration-ms="1193" started-at="2021-06-26T20:24:28Z" finished-at="2021-06-26T20:24:29Z">
          <reporter-output>
          </reporter-output>
        </test-method> <!-- teardown -->
      </class> <!-- test.TC002Search -->
      <class name="test.TC004AddToCart">
        <test-method status="PASS" signature="verifyAddToCart()[pri:3, instance:test.TC004AddToCart@192c3f1e]" name="verifyAddToCart" duration-ms="50142" started-at="2021-06-26T20:22:42Z" finished-at="2021-06-26T20:23:32Z">
          <reporter-output>
          </reporter-output>
        </test-method> <!-- verifyAddToCart -->
      </class> <!-- test.TC004AddToCart -->
      <class name="test.TC001SignIn">
        <test-method status="PASS" signature="verifyLogin(java.lang.String, java.lang.String)[pri:6, instance:test.TC001SignIn@7494f96a]" name="verifyLogin" duration-ms="31914" started-at="2021-06-26T20:23:54Z" data-provider="inputs" finished-at="2021-06-26T20:24:26Z">
          <params>
            <param index="0">
              <value>
                <![CDATA[monish30591@gmail.com]]>
              </value>
            </param>
            <param index="1">
              <value>
                <![CDATA[Mon@amz123]]>
              </value>
            </param>
          </params>
          <reporter-output>
          </reporter-output>
        </test-method> <!-- verifyLogin -->
      </class> <!-- test.TC001SignIn -->
      <class name="test.TC005DeliverTo">
        <test-method status="PASS" signature="verifyDeliverToCountry()[pri:4, instance:test.TC005DeliverTo@26b3fd41]" name="verifyDeliverToCountry" duration-ms="17041" started-at="2021-06-26T20:23:34Z" finished-at="2021-06-26T20:23:51Z">
          <reporter-output>
          </reporter-output>
        </test-method> <!-- verifyDeliverToCountry -->
      </class> <!-- test.TC005DeliverTo -->
      <class name="test.TC003FilterGiftCards">
        <test-method status="PASS" signature="verifyGCFilter()[pri:2, instance:test.TC003FilterGiftCards@1e178745]" name="verifyGCFilter" duration-ms="24177" started-at="2021-06-26T20:22:17Z" finished-at="2021-06-26T20:22:41Z">
          <reporter-output>
          </reporter-output>
        </test-method> <!-- verifyGCFilter -->
      </class> <!-- test.TC003FilterGiftCards -->
    </test> <!-- regression -->
  </suite> <!-- Suite -->
</testng-results>
