<?xml version="1.0" encoding="UTF-8"?>
<testng-results skipped="0" failed="0" ignored="6" total="10" passed="4">
  <reporter-output>
  </reporter-output>
  <suite name="Suite" duration-ms="45260" started-at="2021-06-25T21:24:06Z" finished-at="2021-06-25T21:24:52Z">
    <groups>
    </groups>
    <test name="regression" duration-ms="45260" started-at="2021-06-25T21:24:06Z" finished-at="2021-06-25T21:24:52Z">
      <class name="test.TC002Search">
        <test-method status="PASS" signature="init()[pri:0, instance:test.TC002Search@4c39bec8]" name="init" is-config="true" duration-ms="12880" started-at="2021-06-25T21:23:54Z" finished-at="2021-06-25T21:24:06Z">
          <reporter-output>
          </reporter-output>
        </test-method> <!-- init -->
        <test-method status="PASS" signature="verifySearch()[pri:1, instance:test.TC002Search@4c39bec8]" name="verifySearch" duration-ms="3765" started-at="2021-06-25T21:24:06Z" finished-at="2021-06-25T21:24:10Z">
          <reporter-output>
          </reporter-output>
        </test-method> <!-- verifySearch -->
        <test-method status="PASS" signature="teardown()[pri:0, instance:test.TC002Search@4c39bec8]" name="teardown" is-config="true" duration-ms="3130" started-at="2021-06-25T21:24:52Z" finished-at="2021-06-25T21:24:55Z">
          <reporter-output>
          </reporter-output>
        </test-method> <!-- teardown -->
      </class> <!-- test.TC002Search -->
      <class name="test.TC004AddToCart">
        <test-method status="PASS" signature="verifyAddToCart()[pri:3, instance:test.TC004AddToCart@7ee8290b]" name="verifyAddToCart" duration-ms="24563" started-at="2021-06-25T21:24:20Z" finished-at="2021-06-25T21:24:44Z">
          <reporter-output>
          </reporter-output>
        </test-method> <!-- verifyAddToCart -->
      </class> <!-- test.TC004AddToCart -->
      <class name="test.TC001SignIn">
        <test-method status="PASS" signature="verifyLogin(java.lang.String, java.lang.String)[pri:4, instance:test.TC001SignIn@1f59a598]" name="verifyLogin" duration-ms="6531" started-at="2021-06-25T21:24:45Z" data-provider="inputs" finished-at="2021-06-25T21:24:51Z">
          <params>
            <param index="0">
              <value>
                <![CDATA[monish30591@gmail.com]]>
              </value>
            </param>
            <param index="1">
              <value>
                <![CDATA[Mon@amz123]]>
              </value>
            </param>
          </params>
          <reporter-output>
          </reporter-output>
        </test-method> <!-- verifyLogin -->
      </class> <!-- test.TC001SignIn -->
      <class name="test.TC003FilterGiftCards">
        <test-method status="PASS" signature="verifyGCFilter()[pri:2, instance:test.TC003FilterGiftCards@f79e]" name="verifyGCFilter" duration-ms="6701" started-at="2021-06-25T21:24:12Z" finished-at="2021-06-25T21:24:18Z">
          <reporter-output>
          </reporter-output>
        </test-method> <!-- verifyGCFilter -->
      </class> <!-- test.TC003FilterGiftCards -->
    </test> <!-- regression -->
  </suite> <!-- Suite -->
</testng-results>
