<?xml version="1.0" encoding="UTF-8"?>
<testng-results skipped="0" failed="0" ignored="6" total="10" passed="4">
  <reporter-output>
  </reporter-output>
  <suite name="Suite" duration-ms="28242" started-at="2021-06-26T04:37:52Z" finished-at="2021-06-26T04:38:21Z">
    <groups>
    </groups>
    <test name="regression" duration-ms="28242" started-at="2021-06-26T04:37:52Z" finished-at="2021-06-26T04:38:21Z">
      <class name="test.TC002Search">
        <test-method status="PASS" signature="init()[pri:0, instance:test.TC002Search@4c39bec8]" name="init" is-config="true" duration-ms="9294" started-at="2021-06-26T04:37:43Z" finished-at="2021-06-26T04:37:52Z">
          <reporter-output>
          </reporter-output>
        </test-method> <!-- init -->
        <test-method status="PASS" signature="verifySearch()[pri:1, instance:test.TC002Search@4c39bec8]" name="verifySearch" duration-ms="2738" started-at="2021-06-26T04:37:52Z" finished-at="2021-06-26T04:37:55Z">
          <reporter-output>
          </reporter-output>
        </test-method> <!-- verifySearch -->
        <test-method status="PASS" signature="teardown()[pri:0, instance:test.TC002Search@4c39bec8]" name="teardown" is-config="true" duration-ms="5623" started-at="2021-06-26T04:38:21Z" finished-at="2021-06-26T04:38:26Z">
          <reporter-output>
          </reporter-output>
        </test-method> <!-- teardown -->
      </class> <!-- test.TC002Search -->
      <class name="test.TC004AddToCart">
        <test-method status="PASS" signature="verifyAddToCart()[pri:3, instance:test.TC004AddToCart@7ee8290b]" name="verifyAddToCart" duration-ms="10404" started-at="2021-06-26T04:38:02Z" finished-at="2021-06-26T04:38:12Z">
          <reporter-output>
          </reporter-output>
        </test-method> <!-- verifyAddToCart -->
      </class> <!-- test.TC004AddToCart -->
      <class name="test.TC001SignIn">
        <test-method status="PASS" signature="verifyLogin(java.lang.String, java.lang.String)[pri:4, instance:test.TC001SignIn@1f59a598]" name="verifyLogin" duration-ms="7064" started-at="2021-06-26T04:38:13Z" data-provider="inputs" finished-at="2021-06-26T04:38:20Z">
          <params>
            <param index="0">
              <value>
                <![CDATA[monish30591@gmail.com]]>
              </value>
            </param>
            <param index="1">
              <value>
                <![CDATA[Mon@amz123]]>
              </value>
            </param>
          </params>
          <reporter-output>
          </reporter-output>
        </test-method> <!-- verifyLogin -->
      </class> <!-- test.TC001SignIn -->
      <class name="test.TC003FilterGiftCards">
        <test-method status="PASS" signature="verifyGCFilter()[pri:2, instance:test.TC003FilterGiftCards@f79e]" name="verifyGCFilter" duration-ms="5604" started-at="2021-06-26T04:37:56Z" finished-at="2021-06-26T04:38:01Z">
          <reporter-output>
          </reporter-output>
        </test-method> <!-- verifyGCFilter -->
      </class> <!-- test.TC003FilterGiftCards -->
    </test> <!-- regression -->
  </suite> <!-- Suite -->
</testng-results>
